crond: wakeup dt=10
crond: wakeup dt=50
crond: file root:
crond:  line /system/xbin/00NGZ_booster
crond: wakeup dt=60
crond: file root:
crond:  line /system/xbin/00NGZ_booster
crond: wakeup dt=60
crond: file root:
crond:  line /system/xbin/00NGZ_booster
crond: wakeup dt=60
crond: file root:
crond:  line /system/xbin/00NGZ_booster
crond: wakeup dt=126
crond: file root:
crond:  line /system/xbin/00NGZ_booster
crond: file root:
crond:  line /system/xbin/00NGZ_booster
crond: wakeup dt=54
crond: file root:
crond:  line /system/xbin/00NGZ_booster
crond: wakeup dt=76
crond: file root:
crond:  line /system/xbin/00NGZ_booster
crond: wakeup dt=44
crond: file root:
crond:  line /system/xbin/00NGZ_booster
crond: wakeup dt=60
crond: file root:
crond:  line /system/xbin/00NGZ_booster
crond: wakeup dt=60
crond: file root:
crond:  line /system/xbin/00NGZ_booster
crond: wakeup dt=60
crond: file root:
crond:  line /system/xbin/00NGZ_booster
crond: wakeup dt=60
crond: file root:
crond:  line /system/xbin/00NGZ_booster
crond: wakeup dt=60
crond: file root:
crond:  line /system/xbin/00NGZ_booster
crond: wakeup dt=60
crond: file root:
crond:  line /system/xbin/00NGZ_booster
crond: wakeup dt=60
crond: file root:
crond:  line /system/xbin/00NGZ_booster
crond: wakeup dt=60
crond: file root:
crond:  line /system/xbin/00NGZ_booster
crond: wakeup dt=60
crond: file root:
crond:  line /system/xbin/00NGZ_booster
crond: wakeup dt=60
crond: file root:
crond:  line /system/xbin/00NGZ_booster
crond: wakeup dt=60
crond: file root:
crond:  line /system/xbin/00NGZ_booster
crond: wakeup dt=60
crond: file root:
crond:  line /system/xbin/00NGZ_booster
crond: wakeup dt=60
crond: file root:
crond:  line /system/xbin/00NGZ_booster
crond: wakeup dt=60
crond: file root:
crond:  line /system/xbin/00NGZ_booster
crond: wakeup dt=60
crond: file root:
crond:  line /system/xbin/00NGZ_booster
crond: wakeup dt=60
crond: file root:
crond:  line /system/xbin/00NGZ_booster
crond: wakeup dt=60
crond: file root:
crond:  line /system/xbin/00NGZ_booster
crond: wakeup dt=60
crond: file root:
crond:  line /system/xbin/00NGZ_booster
crond: wakeup dt=60
crond: file root:
crond:  line /system/xbin/00NGZ_booster
crond: wakeup dt=60
crond: file root:
crond:  line /system/xbin/00NGZ_booster
crond: wakeup dt=60
crond: file root:
crond:  line /system/xbin/00NGZ_booster
crond: wakeup dt=60
crond: file root:
crond:  line /system/xbin/00NGZ_booster
crond: wakeup dt=60
crond: file root:
crond:  line /system/xbin/00NGZ_booster
crond: wakeup dt=60
crond: file root:
crond:  line /system/xbin/00NGZ_booster
crond: wakeup dt=60
crond: file root:
crond:  line /system/xbin/00NGZ_booster
crond: wakeup dt=60
crond: file root:
crond:  line /system/xbin/00NGZ_booster
crond: wakeup dt=60
crond: file root:
crond:  line /system/xbin/00NGZ_booster
crond: wakeup dt=60
crond: file root:
crond:  line /system/xbin/00NGZ_booster
crond: wakeup dt=60
crond: file root:
crond:  line /system/xbin/00NGZ_booster
crond: wakeup dt=60
crond: file root:
crond:  line /system/xbin/00NGZ_booster
crond: wakeup dt=60
crond: file root:
crond:  line /system/xbin/00NGZ_booster
crond: wakeup dt=60
crond: file root:
crond:  line /system/xbin/00NGZ_booster
crond: wakeup dt=60
crond: file root:
crond:  line /system/xbin/00NGZ_booster
crond: user:root entry:0 */1 * * * /system/xbin/00NGZ_booster 
100000000000000000000000000000000000000000000000000000000000
111111111111111111111111
11111111111111111111111111111111
111111111111
1111111
crond: wakeup dt=60
crond: file root:
crond:  line /system/xbin/00NGZ_booster
